TimeQuest Timing Analyzer report for lab2
Sun Feb 27 21:54:34 2022
Quartus II 64-Bit Version 13.0.1 Build 232 06/12/2013 Service Pack 1 SJ Web Edition


---------------------
; Table of Contents ;
---------------------
  1. Legal Notice
  2. TimeQuest Timing Analyzer Summary
  3. Parallel Compilation
  4. Clocks
  5. Slow Model Fmax Summary
  6. Slow Model Setup Summary
  7. Slow Model Hold Summary
  8. Slow Model Recovery Summary
  9. Slow Model Removal Summary
 10. Slow Model Minimum Pulse Width Summary
 11. Slow Model Minimum Pulse Width: 'KEY0'
 12. Slow Model Minimum Pulse Width: 'KEY1'
 13. Slow Model Minimum Pulse Width: 'KEY2'
 14. Slow Model Minimum Pulse Width: 'KEY3'
 15. Setup Times
 16. Hold Times
 17. Clock to Output Times
 18. Minimum Clock to Output Times
 19. Propagation Delay
 20. Minimum Propagation Delay
 21. Fast Model Setup Summary
 22. Fast Model Hold Summary
 23. Fast Model Recovery Summary
 24. Fast Model Removal Summary
 25. Fast Model Minimum Pulse Width Summary
 26. Fast Model Minimum Pulse Width: 'KEY0'
 27. Fast Model Minimum Pulse Width: 'KEY1'
 28. Fast Model Minimum Pulse Width: 'KEY2'
 29. Fast Model Minimum Pulse Width: 'KEY3'
 30. Setup Times
 31. Hold Times
 32. Clock to Output Times
 33. Minimum Clock to Output Times
 34. Propagation Delay
 35. Minimum Propagation Delay
 36. Multicorner Timing Analysis Summary
 37. Setup Times
 38. Hold Times
 39. Clock to Output Times
 40. Minimum Clock to Output Times
 41. Progagation Delay
 42. Minimum Progagation Delay
 43. Clock Transfers
 44. Report TCCS
 45. Report RSKM
 46. Unconstrained Paths
 47. TimeQuest Timing Analyzer Messages



----------------
; Legal Notice ;
----------------
Copyright (C) 1991-2013 Altera Corporation
Your use of Altera Corporation's design tools, logic functions 
and other software and tools, and its AMPP partner logic 
functions, and any output files from any of the foregoing 
(including device programming or simulation files), and any 
associated documentation or information are expressly subject 
to the terms and conditions of the Altera Program License 
Subscription Agreement, Altera MegaCore Function License 
Agreement, or other applicable license agreement, including, 
without limitation, that your use is for the sole purpose of 
programming logic devices manufactured by Altera and sold by 
Altera or its authorized distributors.  Please refer to the 
applicable agreement for further details.



+----------------------------------------------------------------------------------------+
; TimeQuest Timing Analyzer Summary                                                      ;
+--------------------+-------------------------------------------------------------------+
; Quartus II Version ; Version 13.0.1 Build 232 06/12/2013 Service Pack 1 SJ Web Edition ;
; Revision Name      ; lab2                                                              ;
; Device Family      ; Cyclone II                                                        ;
; Device Name        ; EP2C20F484C7                                                      ;
; Timing Models      ; Final                                                             ;
; Delay Model        ; Combined                                                          ;
; Rise/Fall Delays   ; Unavailable                                                       ;
+--------------------+-------------------------------------------------------------------+


Parallel compilation was disabled, but you have multiple processors available. Enable parallel compilation to reduce compilation time.
+-------------------------------------+
; Parallel Compilation                ;
+----------------------------+--------+
; Processors                 ; Number ;
+----------------------------+--------+
; Number detected on machine ; 4      ;
; Maximum allowed            ; 1      ;
+----------------------------+--------+


+----------------------------------------------------------------------------------------------------------------------------------------------------------------------------------+
; Clocks                                                                                                                                                                           ;
+------------+------+--------+------------+-------+-------+------------+-----------+-------------+-------+--------+-----------+------------+----------+--------+--------+----------+
; Clock Name ; Type ; Period ; Frequency  ; Rise  ; Fall  ; Duty Cycle ; Divide by ; Multiply by ; Phase ; Offset ; Edge List ; Edge Shift ; Inverted ; Master ; Source ; Targets  ;
+------------+------+--------+------------+-------+-------+------------+-----------+-------------+-------+--------+-----------+------------+----------+--------+--------+----------+
; KEY0       ; Base ; 1.000  ; 1000.0 MHz ; 0.000 ; 0.500 ;            ;           ;             ;       ;        ;           ;            ;          ;        ;        ; { KEY0 } ;
; KEY1       ; Base ; 1.000  ; 1000.0 MHz ; 0.000 ; 0.500 ;            ;           ;             ;       ;        ;           ;            ;          ;        ;        ; { KEY1 } ;
; KEY2       ; Base ; 1.000  ; 1000.0 MHz ; 0.000 ; 0.500 ;            ;           ;             ;       ;        ;           ;            ;          ;        ;        ; { KEY2 } ;
; KEY3       ; Base ; 1.000  ; 1000.0 MHz ; 0.000 ; 0.500 ;            ;           ;             ;       ;        ;           ;            ;          ;        ;        ; { KEY3 } ;
+------------+------+--------+------------+-------+-------+------------+-----------+-------------+-------+--------+-----------+------------+----------+--------+--------+----------+


---------------------------
; Slow Model Fmax Summary ;
---------------------------
No paths to report.


----------------------------
; Slow Model Setup Summary ;
----------------------------
No paths to report.


---------------------------
; Slow Model Hold Summary ;
---------------------------
No paths to report.


-------------------------------
; Slow Model Recovery Summary ;
-------------------------------
No paths to report.


------------------------------
; Slow Model Removal Summary ;
------------------------------
No paths to report.


+----------------------------------------+
; Slow Model Minimum Pulse Width Summary ;
+-------+--------+-----------------------+
; Clock ; Slack  ; End Point TNS         ;
+-------+--------+-----------------------+
; KEY0  ; -1.469 ; -1.469                ;
; KEY1  ; -1.469 ; -1.469                ;
; KEY2  ; -1.469 ; -1.469                ;
; KEY3  ; -1.469 ; -1.469                ;
+-------+--------+-----------------------+


+------------------------------------------------------------------------------------------------------------+
; Slow Model Minimum Pulse Width: 'KEY0'                                                                     ;
+--------+--------------+----------------+------------------+-------+------------+---------------------------+
; Slack  ; Actual Width ; Required Width ; Type             ; Clock ; Clock Edge ; Target                    ;
+--------+--------------+----------------+------------------+-------+------------+---------------------------+
; -1.469 ; 1.000        ; 2.469          ; Port Rate        ; KEY0  ; Rise       ; KEY0                      ;
; 0.500  ; 0.500        ; 0.000          ; High Pulse Width ; KEY0  ; Rise       ; HEX0[1]$latch             ;
; 0.500  ; 0.500        ; 0.000          ; Low Pulse Width  ; KEY0  ; Rise       ; HEX0[1]$latch             ;
; 0.500  ; 0.500        ; 0.000          ; High Pulse Width ; KEY0  ; Fall       ; HEX0[1]$latch|datad       ;
; 0.500  ; 0.500        ; 0.000          ; Low Pulse Width  ; KEY0  ; Fall       ; HEX0[1]$latch|datad       ;
; 0.500  ; 0.500        ; 0.000          ; High Pulse Width ; KEY0  ; Rise       ; HEX0[2]$latch             ;
; 0.500  ; 0.500        ; 0.000          ; Low Pulse Width  ; KEY0  ; Rise       ; HEX0[2]$latch             ;
; 0.500  ; 0.500        ; 0.000          ; High Pulse Width ; KEY0  ; Fall       ; HEX0[2]$latch|datac       ;
; 0.500  ; 0.500        ; 0.000          ; Low Pulse Width  ; KEY0  ; Fall       ; HEX0[2]$latch|datac       ;
; 0.500  ; 0.500        ; 0.000          ; High Pulse Width ; KEY0  ; Rise       ; HEX0[3]$latch             ;
; 0.500  ; 0.500        ; 0.000          ; Low Pulse Width  ; KEY0  ; Rise       ; HEX0[3]$latch             ;
; 0.500  ; 0.500        ; 0.000          ; High Pulse Width ; KEY0  ; Fall       ; HEX0[3]$latch|datad       ;
; 0.500  ; 0.500        ; 0.000          ; Low Pulse Width  ; KEY0  ; Fall       ; HEX0[3]$latch|datad       ;
; 0.500  ; 0.500        ; 0.000          ; High Pulse Width ; KEY0  ; Rise       ; HEX0[6]$latch             ;
; 0.500  ; 0.500        ; 0.000          ; Low Pulse Width  ; KEY0  ; Rise       ; HEX0[6]$latch             ;
; 0.500  ; 0.500        ; 0.000          ; High Pulse Width ; KEY0  ; Fall       ; HEX0[6]$latch|datad       ;
; 0.500  ; 0.500        ; 0.000          ; Low Pulse Width  ; KEY0  ; Fall       ; HEX0[6]$latch|datad       ;
; 0.500  ; 0.500        ; 0.000          ; High Pulse Width ; KEY0  ; Rise       ; KEY0|combout              ;
; 0.500  ; 0.500        ; 0.000          ; Low Pulse Width  ; KEY0  ; Rise       ; KEY0|combout              ;
; 0.500  ; 0.500        ; 0.000          ; High Pulse Width ; KEY0  ; Fall       ; always0~0clkctrl|inclk[0] ;
; 0.500  ; 0.500        ; 0.000          ; Low Pulse Width  ; KEY0  ; Fall       ; always0~0clkctrl|inclk[0] ;
; 0.500  ; 0.500        ; 0.000          ; High Pulse Width ; KEY0  ; Fall       ; always0~0clkctrl|outclk   ;
; 0.500  ; 0.500        ; 0.000          ; Low Pulse Width  ; KEY0  ; Fall       ; always0~0clkctrl|outclk   ;
; 0.500  ; 0.500        ; 0.000          ; High Pulse Width ; KEY0  ; Fall       ; always0~0|combout         ;
; 0.500  ; 0.500        ; 0.000          ; Low Pulse Width  ; KEY0  ; Fall       ; always0~0|combout         ;
; 0.500  ; 0.500        ; 0.000          ; High Pulse Width ; KEY0  ; Rise       ; always0~0|datad           ;
; 0.500  ; 0.500        ; 0.000          ; Low Pulse Width  ; KEY0  ; Rise       ; always0~0|datad           ;
+--------+--------------+----------------+------------------+-------+------------+---------------------------+


+------------------------------------------------------------------------------------------------------------+
; Slow Model Minimum Pulse Width: 'KEY1'                                                                     ;
+--------+--------------+----------------+------------------+-------+------------+---------------------------+
; Slack  ; Actual Width ; Required Width ; Type             ; Clock ; Clock Edge ; Target                    ;
+--------+--------------+----------------+------------------+-------+------------+---------------------------+
; -1.469 ; 1.000        ; 2.469          ; Port Rate        ; KEY1  ; Rise       ; KEY1                      ;
; 0.500  ; 0.500        ; 0.000          ; High Pulse Width ; KEY1  ; Rise       ; HEX1[1]$latch             ;
; 0.500  ; 0.500        ; 0.000          ; Low Pulse Width  ; KEY1  ; Rise       ; HEX1[1]$latch             ;
; 0.500  ; 0.500        ; 0.000          ; High Pulse Width ; KEY1  ; Fall       ; HEX1[1]$latch|datac       ;
; 0.500  ; 0.500        ; 0.000          ; Low Pulse Width  ; KEY1  ; Fall       ; HEX1[1]$latch|datac       ;
; 0.500  ; 0.500        ; 0.000          ; High Pulse Width ; KEY1  ; Rise       ; HEX1[2]$latch             ;
; 0.500  ; 0.500        ; 0.000          ; Low Pulse Width  ; KEY1  ; Rise       ; HEX1[2]$latch             ;
; 0.500  ; 0.500        ; 0.000          ; High Pulse Width ; KEY1  ; Fall       ; HEX1[2]$latch|datac       ;
; 0.500  ; 0.500        ; 0.000          ; Low Pulse Width  ; KEY1  ; Fall       ; HEX1[2]$latch|datac       ;
; 0.500  ; 0.500        ; 0.000          ; High Pulse Width ; KEY1  ; Rise       ; HEX1[3]$latch             ;
; 0.500  ; 0.500        ; 0.000          ; Low Pulse Width  ; KEY1  ; Rise       ; HEX1[3]$latch             ;
; 0.500  ; 0.500        ; 0.000          ; High Pulse Width ; KEY1  ; Fall       ; HEX1[3]$latch|datac       ;
; 0.500  ; 0.500        ; 0.000          ; Low Pulse Width  ; KEY1  ; Fall       ; HEX1[3]$latch|datac       ;
; 0.500  ; 0.500        ; 0.000          ; High Pulse Width ; KEY1  ; Rise       ; HEX1[6]$latch             ;
; 0.500  ; 0.500        ; 0.000          ; Low Pulse Width  ; KEY1  ; Rise       ; HEX1[6]$latch             ;
; 0.500  ; 0.500        ; 0.000          ; High Pulse Width ; KEY1  ; Fall       ; HEX1[6]$latch|datac       ;
; 0.500  ; 0.500        ; 0.000          ; Low Pulse Width  ; KEY1  ; Fall       ; HEX1[6]$latch|datac       ;
; 0.500  ; 0.500        ; 0.000          ; High Pulse Width ; KEY1  ; Rise       ; KEY1|combout              ;
; 0.500  ; 0.500        ; 0.000          ; Low Pulse Width  ; KEY1  ; Rise       ; KEY1|combout              ;
; 0.500  ; 0.500        ; 0.000          ; High Pulse Width ; KEY1  ; Fall       ; always1~0clkctrl|inclk[0] ;
; 0.500  ; 0.500        ; 0.000          ; Low Pulse Width  ; KEY1  ; Fall       ; always1~0clkctrl|inclk[0] ;
; 0.500  ; 0.500        ; 0.000          ; High Pulse Width ; KEY1  ; Fall       ; always1~0clkctrl|outclk   ;
; 0.500  ; 0.500        ; 0.000          ; Low Pulse Width  ; KEY1  ; Fall       ; always1~0clkctrl|outclk   ;
; 0.500  ; 0.500        ; 0.000          ; High Pulse Width ; KEY1  ; Fall       ; always1~0|combout         ;
; 0.500  ; 0.500        ; 0.000          ; Low Pulse Width  ; KEY1  ; Fall       ; always1~0|combout         ;
; 0.500  ; 0.500        ; 0.000          ; High Pulse Width ; KEY1  ; Rise       ; always1~0|datad           ;
; 0.500  ; 0.500        ; 0.000          ; Low Pulse Width  ; KEY1  ; Rise       ; always1~0|datad           ;
+--------+--------------+----------------+------------------+-------+------------+---------------------------+


+------------------------------------------------------------------------------------------------------------+
; Slow Model Minimum Pulse Width: 'KEY2'                                                                     ;
+--------+--------------+----------------+------------------+-------+------------+---------------------------+
; Slack  ; Actual Width ; Required Width ; Type             ; Clock ; Clock Edge ; Target                    ;
+--------+--------------+----------------+------------------+-------+------------+---------------------------+
; -1.469 ; 1.000        ; 2.469          ; Port Rate        ; KEY2  ; Rise       ; KEY2                      ;
; 0.500  ; 0.500        ; 0.000          ; High Pulse Width ; KEY2  ; Rise       ; HEX2[1]$latch             ;
; 0.500  ; 0.500        ; 0.000          ; Low Pulse Width  ; KEY2  ; Rise       ; HEX2[1]$latch             ;
; 0.500  ; 0.500        ; 0.000          ; High Pulse Width ; KEY2  ; Fall       ; HEX2[1]$latch|datad       ;
; 0.500  ; 0.500        ; 0.000          ; Low Pulse Width  ; KEY2  ; Fall       ; HEX2[1]$latch|datad       ;
; 0.500  ; 0.500        ; 0.000          ; High Pulse Width ; KEY2  ; Rise       ; HEX2[2]$latch             ;
; 0.500  ; 0.500        ; 0.000          ; Low Pulse Width  ; KEY2  ; Rise       ; HEX2[2]$latch             ;
; 0.500  ; 0.500        ; 0.000          ; High Pulse Width ; KEY2  ; Fall       ; HEX2[2]$latch|datad       ;
; 0.500  ; 0.500        ; 0.000          ; Low Pulse Width  ; KEY2  ; Fall       ; HEX2[2]$latch|datad       ;
; 0.500  ; 0.500        ; 0.000          ; High Pulse Width ; KEY2  ; Rise       ; HEX2[3]$latch             ;
; 0.500  ; 0.500        ; 0.000          ; Low Pulse Width  ; KEY2  ; Rise       ; HEX2[3]$latch             ;
; 0.500  ; 0.500        ; 0.000          ; High Pulse Width ; KEY2  ; Fall       ; HEX2[3]$latch|datad       ;
; 0.500  ; 0.500        ; 0.000          ; Low Pulse Width  ; KEY2  ; Fall       ; HEX2[3]$latch|datad       ;
; 0.500  ; 0.500        ; 0.000          ; High Pulse Width ; KEY2  ; Rise       ; HEX2[6]$latch             ;
; 0.500  ; 0.500        ; 0.000          ; Low Pulse Width  ; KEY2  ; Rise       ; HEX2[6]$latch             ;
; 0.500  ; 0.500        ; 0.000          ; High Pulse Width ; KEY2  ; Fall       ; HEX2[6]$latch|datad       ;
; 0.500  ; 0.500        ; 0.000          ; Low Pulse Width  ; KEY2  ; Fall       ; HEX2[6]$latch|datad       ;
; 0.500  ; 0.500        ; 0.000          ; High Pulse Width ; KEY2  ; Rise       ; KEY2|combout              ;
; 0.500  ; 0.500        ; 0.000          ; Low Pulse Width  ; KEY2  ; Rise       ; KEY2|combout              ;
; 0.500  ; 0.500        ; 0.000          ; High Pulse Width ; KEY2  ; Fall       ; always2~0clkctrl|inclk[0] ;
; 0.500  ; 0.500        ; 0.000          ; Low Pulse Width  ; KEY2  ; Fall       ; always2~0clkctrl|inclk[0] ;
; 0.500  ; 0.500        ; 0.000          ; High Pulse Width ; KEY2  ; Fall       ; always2~0clkctrl|outclk   ;
; 0.500  ; 0.500        ; 0.000          ; Low Pulse Width  ; KEY2  ; Fall       ; always2~0clkctrl|outclk   ;
; 0.500  ; 0.500        ; 0.000          ; High Pulse Width ; KEY2  ; Fall       ; always2~0|combout         ;
; 0.500  ; 0.500        ; 0.000          ; Low Pulse Width  ; KEY2  ; Fall       ; always2~0|combout         ;
; 0.500  ; 0.500        ; 0.000          ; High Pulse Width ; KEY2  ; Rise       ; always2~0|datad           ;
; 0.500  ; 0.500        ; 0.000          ; Low Pulse Width  ; KEY2  ; Rise       ; always2~0|datad           ;
+--------+--------------+----------------+------------------+-------+------------+---------------------------+


+------------------------------------------------------------------------------------------------------------+
; Slow Model Minimum Pulse Width: 'KEY3'                                                                     ;
+--------+--------------+----------------+------------------+-------+------------+---------------------------+
; Slack  ; Actual Width ; Required Width ; Type             ; Clock ; Clock Edge ; Target                    ;
+--------+--------------+----------------+------------------+-------+------------+---------------------------+
; -1.469 ; 1.000        ; 2.469          ; Port Rate        ; KEY3  ; Rise       ; KEY3                      ;
; 0.500  ; 0.500        ; 0.000          ; High Pulse Width ; KEY3  ; Rise       ; HEX3[1]$latch             ;
; 0.500  ; 0.500        ; 0.000          ; Low Pulse Width  ; KEY3  ; Rise       ; HEX3[1]$latch             ;
; 0.500  ; 0.500        ; 0.000          ; High Pulse Width ; KEY3  ; Fall       ; HEX3[1]$latch|datad       ;
; 0.500  ; 0.500        ; 0.000          ; Low Pulse Width  ; KEY3  ; Fall       ; HEX3[1]$latch|datad       ;
; 0.500  ; 0.500        ; 0.000          ; High Pulse Width ; KEY3  ; Rise       ; HEX3[2]$latch             ;
; 0.500  ; 0.500        ; 0.000          ; Low Pulse Width  ; KEY3  ; Rise       ; HEX3[2]$latch             ;
; 0.500  ; 0.500        ; 0.000          ; High Pulse Width ; KEY3  ; Fall       ; HEX3[2]$latch|datac       ;
; 0.500  ; 0.500        ; 0.000          ; Low Pulse Width  ; KEY3  ; Fall       ; HEX3[2]$latch|datac       ;
; 0.500  ; 0.500        ; 0.000          ; High Pulse Width ; KEY3  ; Rise       ; HEX3[3]$latch             ;
; 0.500  ; 0.500        ; 0.000          ; Low Pulse Width  ; KEY3  ; Rise       ; HEX3[3]$latch             ;
; 0.500  ; 0.500        ; 0.000          ; High Pulse Width ; KEY3  ; Fall       ; HEX3[3]$latch|datad       ;
; 0.500  ; 0.500        ; 0.000          ; Low Pulse Width  ; KEY3  ; Fall       ; HEX3[3]$latch|datad       ;
; 0.500  ; 0.500        ; 0.000          ; High Pulse Width ; KEY3  ; Rise       ; HEX3[6]$latch             ;
; 0.500  ; 0.500        ; 0.000          ; Low Pulse Width  ; KEY3  ; Rise       ; HEX3[6]$latch             ;
; 0.500  ; 0.500        ; 0.000          ; High Pulse Width ; KEY3  ; Fall       ; HEX3[6]$latch|datad       ;
; 0.500  ; 0.500        ; 0.000          ; Low Pulse Width  ; KEY3  ; Fall       ; HEX3[6]$latch|datad       ;
; 0.500  ; 0.500        ; 0.000          ; High Pulse Width ; KEY3  ; Rise       ; KEY3|combout              ;
; 0.500  ; 0.500        ; 0.000          ; Low Pulse Width  ; KEY3  ; Rise       ; KEY3|combout              ;
; 0.500  ; 0.500        ; 0.000          ; High Pulse Width ; KEY3  ; Fall       ; always3~0clkctrl|inclk[0] ;
; 0.500  ; 0.500        ; 0.000          ; Low Pulse Width  ; KEY3  ; Fall       ; always3~0clkctrl|inclk[0] ;
; 0.500  ; 0.500        ; 0.000          ; High Pulse Width ; KEY3  ; Fall       ; always3~0clkctrl|outclk   ;
; 0.500  ; 0.500        ; 0.000          ; Low Pulse Width  ; KEY3  ; Fall       ; always3~0clkctrl|outclk   ;
; 0.500  ; 0.500        ; 0.000          ; High Pulse Width ; KEY3  ; Fall       ; always3~0|combout         ;
; 0.500  ; 0.500        ; 0.000          ; Low Pulse Width  ; KEY3  ; Fall       ; always3~0|combout         ;
; 0.500  ; 0.500        ; 0.000          ; High Pulse Width ; KEY3  ; Rise       ; always3~0|datad           ;
; 0.500  ; 0.500        ; 0.000          ; Low Pulse Width  ; KEY3  ; Rise       ; always3~0|datad           ;
+--------+--------------+----------------+------------------+-------+------------+---------------------------+


+-----------------------------------------------------------------------+
; Setup Times                                                           ;
+-----------+------------+-------+-------+------------+-----------------+
; Data Port ; Clock Port ; Rise  ; Fall  ; Clock Edge ; Clock Reference ;
+-----------+------------+-------+-------+------------+-----------------+
; SW[*]     ; KEY0       ; 5.818 ; 5.818 ; Rise       ; KEY0            ;
;  SW[0]    ; KEY0       ; 5.593 ; 5.593 ; Rise       ; KEY0            ;
;  SW[1]    ; KEY0       ; 5.451 ; 5.451 ; Rise       ; KEY0            ;
;  SW[2]    ; KEY0       ; 5.006 ; 5.006 ; Rise       ; KEY0            ;
;  SW[3]    ; KEY0       ; 5.019 ; 5.019 ; Rise       ; KEY0            ;
;  SW[4]    ; KEY0       ; 5.818 ; 5.818 ; Rise       ; KEY0            ;
;  SW[5]    ; KEY0       ; 5.426 ; 5.426 ; Rise       ; KEY0            ;
;  SW[6]    ; KEY0       ; 5.156 ; 5.156 ; Rise       ; KEY0            ;
;  SW[7]    ; KEY0       ; 5.244 ; 5.244 ; Rise       ; KEY0            ;
;  SW[8]    ; KEY0       ; 5.494 ; 5.494 ; Rise       ; KEY0            ;
; SW[*]     ; KEY1       ; 5.211 ; 5.211 ; Rise       ; KEY1            ;
;  SW[0]    ; KEY1       ; 4.986 ; 4.986 ; Rise       ; KEY1            ;
;  SW[1]    ; KEY1       ; 4.844 ; 4.844 ; Rise       ; KEY1            ;
;  SW[2]    ; KEY1       ; 4.419 ; 4.419 ; Rise       ; KEY1            ;
;  SW[3]    ; KEY1       ; 4.412 ; 4.412 ; Rise       ; KEY1            ;
;  SW[4]    ; KEY1       ; 5.211 ; 5.211 ; Rise       ; KEY1            ;
;  SW[5]    ; KEY1       ; 4.819 ; 4.819 ; Rise       ; KEY1            ;
;  SW[6]    ; KEY1       ; 4.569 ; 4.569 ; Rise       ; KEY1            ;
;  SW[7]    ; KEY1       ; 4.637 ; 4.637 ; Rise       ; KEY1            ;
;  SW[8]    ; KEY1       ; 4.887 ; 4.887 ; Rise       ; KEY1            ;
; SW[*]     ; KEY2       ; 5.827 ; 5.827 ; Rise       ; KEY2            ;
;  SW[0]    ; KEY2       ; 5.602 ; 5.602 ; Rise       ; KEY2            ;
;  SW[1]    ; KEY2       ; 5.455 ; 5.455 ; Rise       ; KEY2            ;
;  SW[2]    ; KEY2       ; 5.059 ; 5.059 ; Rise       ; KEY2            ;
;  SW[3]    ; KEY2       ; 5.027 ; 5.027 ; Rise       ; KEY2            ;
;  SW[4]    ; KEY2       ; 5.827 ; 5.827 ; Rise       ; KEY2            ;
;  SW[5]    ; KEY2       ; 5.430 ; 5.430 ; Rise       ; KEY2            ;
;  SW[6]    ; KEY2       ; 5.209 ; 5.209 ; Rise       ; KEY2            ;
;  SW[7]    ; KEY2       ; 5.252 ; 5.252 ; Rise       ; KEY2            ;
;  SW[8]    ; KEY2       ; 5.503 ; 5.503 ; Rise       ; KEY2            ;
; SW[*]     ; KEY3       ; 5.177 ; 5.177 ; Rise       ; KEY3            ;
;  SW[0]    ; KEY3       ; 4.952 ; 4.952 ; Rise       ; KEY3            ;
;  SW[1]    ; KEY3       ; 4.808 ; 4.808 ; Rise       ; KEY3            ;
;  SW[2]    ; KEY3       ; 4.365 ; 4.365 ; Rise       ; KEY3            ;
;  SW[3]    ; KEY3       ; 4.378 ; 4.378 ; Rise       ; KEY3            ;
;  SW[4]    ; KEY3       ; 5.177 ; 5.177 ; Rise       ; KEY3            ;
;  SW[5]    ; KEY3       ; 4.783 ; 4.783 ; Rise       ; KEY3            ;
;  SW[6]    ; KEY3       ; 4.515 ; 4.515 ; Rise       ; KEY3            ;
;  SW[7]    ; KEY3       ; 4.603 ; 4.603 ; Rise       ; KEY3            ;
;  SW[8]    ; KEY3       ; 4.853 ; 4.853 ; Rise       ; KEY3            ;
+-----------+------------+-------+-------+------------+-----------------+


+-------------------------------------------------------------------------+
; Hold Times                                                              ;
+-----------+------------+--------+--------+------------+-----------------+
; Data Port ; Clock Port ; Rise   ; Fall   ; Clock Edge ; Clock Reference ;
+-----------+------------+--------+--------+------------+-----------------+
; SW[*]     ; KEY0       ; -3.390 ; -3.390 ; Rise       ; KEY0            ;
;  SW[0]    ; KEY0       ; -4.324 ; -4.324 ; Rise       ; KEY0            ;
;  SW[1]    ; KEY0       ; -4.180 ; -4.180 ; Rise       ; KEY0            ;
;  SW[2]    ; KEY0       ; -3.737 ; -3.737 ; Rise       ; KEY0            ;
;  SW[3]    ; KEY0       ; -3.750 ; -3.750 ; Rise       ; KEY0            ;
;  SW[4]    ; KEY0       ; -4.549 ; -4.549 ; Rise       ; KEY0            ;
;  SW[5]    ; KEY0       ; -4.155 ; -4.155 ; Rise       ; KEY0            ;
;  SW[6]    ; KEY0       ; -3.887 ; -3.887 ; Rise       ; KEY0            ;
;  SW[7]    ; KEY0       ; -3.975 ; -3.975 ; Rise       ; KEY0            ;
;  SW[8]    ; KEY0       ; -3.390 ; -3.390 ; Rise       ; KEY0            ;
; SW[*]     ; KEY1       ; -3.183 ; -3.183 ; Rise       ; KEY1            ;
;  SW[0]    ; KEY1       ; -4.117 ; -4.117 ; Rise       ; KEY1            ;
;  SW[1]    ; KEY1       ; -3.973 ; -3.973 ; Rise       ; KEY1            ;
;  SW[2]    ; KEY1       ; -3.530 ; -3.530 ; Rise       ; KEY1            ;
;  SW[3]    ; KEY1       ; -3.543 ; -3.543 ; Rise       ; KEY1            ;
;  SW[4]    ; KEY1       ; -4.342 ; -4.342 ; Rise       ; KEY1            ;
;  SW[5]    ; KEY1       ; -3.948 ; -3.948 ; Rise       ; KEY1            ;
;  SW[6]    ; KEY1       ; -3.680 ; -3.680 ; Rise       ; KEY1            ;
;  SW[7]    ; KEY1       ; -3.768 ; -3.768 ; Rise       ; KEY1            ;
;  SW[8]    ; KEY1       ; -3.183 ; -3.183 ; Rise       ; KEY1            ;
; SW[*]     ; KEY2       ; -3.660 ; -3.660 ; Rise       ; KEY2            ;
;  SW[0]    ; KEY2       ; -4.594 ; -4.594 ; Rise       ; KEY2            ;
;  SW[1]    ; KEY2       ; -4.450 ; -4.450 ; Rise       ; KEY2            ;
;  SW[2]    ; KEY2       ; -4.007 ; -4.007 ; Rise       ; KEY2            ;
;  SW[3]    ; KEY2       ; -4.020 ; -4.020 ; Rise       ; KEY2            ;
;  SW[4]    ; KEY2       ; -4.819 ; -4.819 ; Rise       ; KEY2            ;
;  SW[5]    ; KEY2       ; -4.425 ; -4.425 ; Rise       ; KEY2            ;
;  SW[6]    ; KEY2       ; -4.157 ; -4.157 ; Rise       ; KEY2            ;
;  SW[7]    ; KEY2       ; -4.245 ; -4.245 ; Rise       ; KEY2            ;
;  SW[8]    ; KEY2       ; -3.660 ; -3.660 ; Rise       ; KEY2            ;
; SW[*]     ; KEY3       ; -2.952 ; -2.952 ; Rise       ; KEY3            ;
;  SW[0]    ; KEY3       ; -3.886 ; -3.886 ; Rise       ; KEY3            ;
;  SW[1]    ; KEY3       ; -3.744 ; -3.744 ; Rise       ; KEY3            ;
;  SW[2]    ; KEY3       ; -3.299 ; -3.299 ; Rise       ; KEY3            ;
;  SW[3]    ; KEY3       ; -3.312 ; -3.312 ; Rise       ; KEY3            ;
;  SW[4]    ; KEY3       ; -4.111 ; -4.111 ; Rise       ; KEY3            ;
;  SW[5]    ; KEY3       ; -3.719 ; -3.719 ; Rise       ; KEY3            ;
;  SW[6]    ; KEY3       ; -3.449 ; -3.449 ; Rise       ; KEY3            ;
;  SW[7]    ; KEY3       ; -3.537 ; -3.537 ; Rise       ; KEY3            ;
;  SW[8]    ; KEY3       ; -2.952 ; -2.952 ; Rise       ; KEY3            ;
+-----------+------------+--------+--------+------------+-----------------+


+-----------------------------------------------------------------------+
; Clock to Output Times                                                 ;
+-----------+------------+-------+-------+------------+-----------------+
; Data Port ; Clock Port ; Rise  ; Fall  ; Clock Edge ; Clock Reference ;
+-----------+------------+-------+-------+------------+-----------------+
; HEX0[*]   ; KEY0       ; 8.444 ; 8.444 ; Rise       ; KEY0            ;
;  HEX0[1]  ; KEY0       ; 8.254 ; 8.254 ; Rise       ; KEY0            ;
;  HEX0[2]  ; KEY0       ; 8.444 ; 8.444 ; Rise       ; KEY0            ;
;  HEX0[3]  ; KEY0       ; 8.255 ; 8.255 ; Rise       ; KEY0            ;
;  HEX0[6]  ; KEY0       ; 8.310 ; 8.310 ; Rise       ; KEY0            ;
; HEX1[*]   ; KEY1       ; 8.945 ; 8.945 ; Rise       ; KEY1            ;
;  HEX1[1]  ; KEY1       ; 8.695 ; 8.695 ; Rise       ; KEY1            ;
;  HEX1[2]  ; KEY1       ; 8.945 ; 8.945 ; Rise       ; KEY1            ;
;  HEX1[3]  ; KEY1       ; 8.349 ; 8.349 ; Rise       ; KEY1            ;
;  HEX1[6]  ; KEY1       ; 8.573 ; 8.573 ; Rise       ; KEY1            ;
; HEX2[*]   ; KEY2       ; 8.399 ; 8.399 ; Rise       ; KEY2            ;
;  HEX2[1]  ; KEY2       ; 8.199 ; 8.199 ; Rise       ; KEY2            ;
;  HEX2[2]  ; KEY2       ; 7.911 ; 7.911 ; Rise       ; KEY2            ;
;  HEX2[3]  ; KEY2       ; 8.366 ; 8.366 ; Rise       ; KEY2            ;
;  HEX2[6]  ; KEY2       ; 8.399 ; 8.399 ; Rise       ; KEY2            ;
; HEX3[*]   ; KEY3       ; 8.586 ; 8.586 ; Rise       ; KEY3            ;
;  HEX3[1]  ; KEY3       ; 8.193 ; 8.193 ; Rise       ; KEY3            ;
;  HEX3[2]  ; KEY3       ; 8.586 ; 8.586 ; Rise       ; KEY3            ;
;  HEX3[3]  ; KEY3       ; 8.471 ; 8.471 ; Rise       ; KEY3            ;
;  HEX3[6]  ; KEY3       ; 8.197 ; 8.197 ; Rise       ; KEY3            ;
+-----------+------------+-------+-------+------------+-----------------+


+-----------------------------------------------------------------------+
; Minimum Clock to Output Times                                         ;
+-----------+------------+-------+-------+------------+-----------------+
; Data Port ; Clock Port ; Rise  ; Fall  ; Clock Edge ; Clock Reference ;
+-----------+------------+-------+-------+------------+-----------------+
; HEX0[*]   ; KEY0       ; 8.254 ; 8.254 ; Rise       ; KEY0            ;
;  HEX0[1]  ; KEY0       ; 8.254 ; 8.254 ; Rise       ; KEY0            ;
;  HEX0[2]  ; KEY0       ; 8.444 ; 8.444 ; Rise       ; KEY0            ;
;  HEX0[3]  ; KEY0       ; 8.255 ; 8.255 ; Rise       ; KEY0            ;
;  HEX0[6]  ; KEY0       ; 8.310 ; 8.310 ; Rise       ; KEY0            ;
; HEX1[*]   ; KEY1       ; 8.349 ; 8.349 ; Rise       ; KEY1            ;
;  HEX1[1]  ; KEY1       ; 8.695 ; 8.695 ; Rise       ; KEY1            ;
;  HEX1[2]  ; KEY1       ; 8.945 ; 8.945 ; Rise       ; KEY1            ;
;  HEX1[3]  ; KEY1       ; 8.349 ; 8.349 ; Rise       ; KEY1            ;
;  HEX1[6]  ; KEY1       ; 8.573 ; 8.573 ; Rise       ; KEY1            ;
; HEX2[*]   ; KEY2       ; 7.911 ; 7.911 ; Rise       ; KEY2            ;
;  HEX2[1]  ; KEY2       ; 8.199 ; 8.199 ; Rise       ; KEY2            ;
;  HEX2[2]  ; KEY2       ; 7.911 ; 7.911 ; Rise       ; KEY2            ;
;  HEX2[3]  ; KEY2       ; 8.366 ; 8.366 ; Rise       ; KEY2            ;
;  HEX2[6]  ; KEY2       ; 8.399 ; 8.399 ; Rise       ; KEY2            ;
; HEX3[*]   ; KEY3       ; 8.193 ; 8.193 ; Rise       ; KEY3            ;
;  HEX3[1]  ; KEY3       ; 8.193 ; 8.193 ; Rise       ; KEY3            ;
;  HEX3[2]  ; KEY3       ; 8.586 ; 8.586 ; Rise       ; KEY3            ;
;  HEX3[3]  ; KEY3       ; 8.471 ; 8.471 ; Rise       ; KEY3            ;
;  HEX3[6]  ; KEY3       ; 8.197 ; 8.197 ; Rise       ; KEY3            ;
+-----------+------------+-------+-------+------------+-----------------+


+--------------------------------------------------------------+
; Propagation Delay                                            ;
+------------+-------------+--------+--------+--------+--------+
; Input Port ; Output Port ; RR     ; RF     ; FR     ; FF     ;
+------------+-------------+--------+--------+--------+--------+
; SW[0]      ; Code[0]     ; 10.400 ;        ;        ; 10.400 ;
; SW[1]      ; Code[1]     ; 10.981 ;        ;        ; 10.981 ;
; SW[2]      ; Code[2]     ; 10.546 ;        ;        ; 10.546 ;
; SW[3]      ; Code[3]     ; 10.375 ;        ;        ; 10.375 ;
; SW[4]      ; Code[0]     ; 10.625 ;        ;        ; 10.625 ;
; SW[5]      ; Code[1]     ; 10.956 ;        ;        ; 10.956 ;
; SW[6]      ; Code[2]     ; 10.696 ;        ;        ; 10.696 ;
; SW[7]      ; Code[3]     ; 10.600 ;        ;        ; 10.600 ;
; SW[8]      ; Code[0]     ; 10.301 ; 10.301 ; 10.301 ; 10.301 ;
; SW[8]      ; Code[1]     ; 10.576 ; 10.576 ; 10.576 ; 10.576 ;
; SW[8]      ; Code[2]     ; 10.694 ; 10.694 ; 10.694 ; 10.694 ;
; SW[8]      ; Code[3]     ; 10.015 ; 10.015 ; 10.015 ; 10.015 ;
+------------+-------------+--------+--------+--------+--------+


+--------------------------------------------------------------+
; Minimum Propagation Delay                                    ;
+------------+-------------+--------+--------+--------+--------+
; Input Port ; Output Port ; RR     ; RF     ; FR     ; FF     ;
+------------+-------------+--------+--------+--------+--------+
; SW[0]      ; Code[0]     ; 10.400 ;        ;        ; 10.400 ;
; SW[1]      ; Code[1]     ; 10.981 ;        ;        ; 10.981 ;
; SW[2]      ; Code[2]     ; 10.546 ;        ;        ; 10.546 ;
; SW[3]      ; Code[3]     ; 10.375 ;        ;        ; 10.375 ;
; SW[4]      ; Code[0]     ; 10.625 ;        ;        ; 10.625 ;
; SW[5]      ; Code[1]     ; 10.956 ;        ;        ; 10.956 ;
; SW[6]      ; Code[2]     ; 10.696 ;        ;        ; 10.696 ;
; SW[7]      ; Code[3]     ; 10.600 ;        ;        ; 10.600 ;
; SW[8]      ; Code[0]     ; 10.301 ; 10.301 ; 10.301 ; 10.301 ;
; SW[8]      ; Code[1]     ; 10.576 ; 10.576 ; 10.576 ; 10.576 ;
; SW[8]      ; Code[2]     ; 10.694 ; 10.694 ; 10.694 ; 10.694 ;
; SW[8]      ; Code[3]     ; 10.015 ; 10.015 ; 10.015 ; 10.015 ;
+------------+-------------+--------+--------+--------+--------+


----------------------------
; Fast Model Setup Summary ;
----------------------------
No paths to report.


---------------------------
; Fast Model Hold Summary ;
---------------------------
No paths to report.


-------------------------------
; Fast Model Recovery Summary ;
-------------------------------
No paths to report.


------------------------------
; Fast Model Removal Summary ;
------------------------------
No paths to report.


+----------------------------------------+
; Fast Model Minimum Pulse Width Summary ;
+-------+--------+-----------------------+
; Clock ; Slack  ; End Point TNS         ;
+-------+--------+-----------------------+
; KEY0  ; -1.222 ; -1.222                ;
; KEY1  ; -1.222 ; -1.222                ;
; KEY2  ; -1.222 ; -1.222                ;
; KEY3  ; -1.222 ; -1.222                ;
+-------+--------+-----------------------+


+------------------------------------------------------------------------------------------------------------+
; Fast Model Minimum Pulse Width: 'KEY0'                                                                     ;
+--------+--------------+----------------+------------------+-------+------------+---------------------------+
; Slack  ; Actual Width ; Required Width ; Type             ; Clock ; Clock Edge ; Target                    ;
+--------+--------------+----------------+------------------+-------+------------+---------------------------+
; -1.222 ; 1.000        ; 2.222          ; Port Rate        ; KEY0  ; Rise       ; KEY0                      ;
; 0.500  ; 0.500        ; 0.000          ; High Pulse Width ; KEY0  ; Rise       ; HEX0[1]$latch             ;
; 0.500  ; 0.500        ; 0.000          ; Low Pulse Width  ; KEY0  ; Rise       ; HEX0[1]$latch             ;
; 0.500  ; 0.500        ; 0.000          ; High Pulse Width ; KEY0  ; Fall       ; HEX0[1]$latch|datad       ;
; 0.500  ; 0.500        ; 0.000          ; Low Pulse Width  ; KEY0  ; Fall       ; HEX0[1]$latch|datad       ;
; 0.500  ; 0.500        ; 0.000          ; High Pulse Width ; KEY0  ; Rise       ; HEX0[2]$latch             ;
; 0.500  ; 0.500        ; 0.000          ; Low Pulse Width  ; KEY0  ; Rise       ; HEX0[2]$latch             ;
; 0.500  ; 0.500        ; 0.000          ; High Pulse Width ; KEY0  ; Fall       ; HEX0[2]$latch|datac       ;
; 0.500  ; 0.500        ; 0.000          ; Low Pulse Width  ; KEY0  ; Fall       ; HEX0[2]$latch|datac       ;
; 0.500  ; 0.500        ; 0.000          ; High Pulse Width ; KEY0  ; Rise       ; HEX0[3]$latch             ;
; 0.500  ; 0.500        ; 0.000          ; Low Pulse Width  ; KEY0  ; Rise       ; HEX0[3]$latch             ;
; 0.500  ; 0.500        ; 0.000          ; High Pulse Width ; KEY0  ; Fall       ; HEX0[3]$latch|datad       ;
; 0.500  ; 0.500        ; 0.000          ; Low Pulse Width  ; KEY0  ; Fall       ; HEX0[3]$latch|datad       ;
; 0.500  ; 0.500        ; 0.000          ; High Pulse Width ; KEY0  ; Rise       ; HEX0[6]$latch             ;
; 0.500  ; 0.500        ; 0.000          ; Low Pulse Width  ; KEY0  ; Rise       ; HEX0[6]$latch             ;
; 0.500  ; 0.500        ; 0.000          ; High Pulse Width ; KEY0  ; Fall       ; HEX0[6]$latch|datad       ;
; 0.500  ; 0.500        ; 0.000          ; Low Pulse Width  ; KEY0  ; Fall       ; HEX0[6]$latch|datad       ;
; 0.500  ; 0.500        ; 0.000          ; High Pulse Width ; KEY0  ; Rise       ; KEY0|combout              ;
; 0.500  ; 0.500        ; 0.000          ; Low Pulse Width  ; KEY0  ; Rise       ; KEY0|combout              ;
; 0.500  ; 0.500        ; 0.000          ; High Pulse Width ; KEY0  ; Fall       ; always0~0clkctrl|inclk[0] ;
; 0.500  ; 0.500        ; 0.000          ; Low Pulse Width  ; KEY0  ; Fall       ; always0~0clkctrl|inclk[0] ;
; 0.500  ; 0.500        ; 0.000          ; High Pulse Width ; KEY0  ; Fall       ; always0~0clkctrl|outclk   ;
; 0.500  ; 0.500        ; 0.000          ; Low Pulse Width  ; KEY0  ; Fall       ; always0~0clkctrl|outclk   ;
; 0.500  ; 0.500        ; 0.000          ; High Pulse Width ; KEY0  ; Fall       ; always0~0|combout         ;
; 0.500  ; 0.500        ; 0.000          ; Low Pulse Width  ; KEY0  ; Fall       ; always0~0|combout         ;
; 0.500  ; 0.500        ; 0.000          ; High Pulse Width ; KEY0  ; Rise       ; always0~0|datad           ;
; 0.500  ; 0.500        ; 0.000          ; Low Pulse Width  ; KEY0  ; Rise       ; always0~0|datad           ;
+--------+--------------+----------------+------------------+-------+------------+---------------------------+


+------------------------------------------------------------------------------------------------------------+
; Fast Model Minimum Pulse Width: 'KEY1'                                                                     ;
+--------+--------------+----------------+------------------+-------+------------+---------------------------+
; Slack  ; Actual Width ; Required Width ; Type             ; Clock ; Clock Edge ; Target                    ;
+--------+--------------+----------------+------------------+-------+------------+---------------------------+
; -1.222 ; 1.000        ; 2.222          ; Port Rate        ; KEY1  ; Rise       ; KEY1                      ;
; 0.500  ; 0.500        ; 0.000          ; High Pulse Width ; KEY1  ; Rise       ; HEX1[1]$latch             ;
; 0.500  ; 0.500        ; 0.000          ; Low Pulse Width  ; KEY1  ; Rise       ; HEX1[1]$latch             ;
; 0.500  ; 0.500        ; 0.000          ; High Pulse Width ; KEY1  ; Fall       ; HEX1[1]$latch|datac       ;
; 0.500  ; 0.500        ; 0.000          ; Low Pulse Width  ; KEY1  ; Fall       ; HEX1[1]$latch|datac       ;
; 0.500  ; 0.500        ; 0.000          ; High Pulse Width ; KEY1  ; Rise       ; HEX1[2]$latch             ;
; 0.500  ; 0.500        ; 0.000          ; Low Pulse Width  ; KEY1  ; Rise       ; HEX1[2]$latch             ;
; 0.500  ; 0.500        ; 0.000          ; High Pulse Width ; KEY1  ; Fall       ; HEX1[2]$latch|datac       ;
; 0.500  ; 0.500        ; 0.000          ; Low Pulse Width  ; KEY1  ; Fall       ; HEX1[2]$latch|datac       ;
; 0.500  ; 0.500        ; 0.000          ; High Pulse Width ; KEY1  ; Rise       ; HEX1[3]$latch             ;
; 0.500  ; 0.500        ; 0.000          ; Low Pulse Width  ; KEY1  ; Rise       ; HEX1[3]$latch             ;
; 0.500  ; 0.500        ; 0.000          ; High Pulse Width ; KEY1  ; Fall       ; HEX1[3]$latch|datac       ;
; 0.500  ; 0.500        ; 0.000          ; Low Pulse Width  ; KEY1  ; Fall       ; HEX1[3]$latch|datac       ;
; 0.500  ; 0.500        ; 0.000          ; High Pulse Width ; KEY1  ; Rise       ; HEX1[6]$latch             ;
; 0.500  ; 0.500        ; 0.000          ; Low Pulse Width  ; KEY1  ; Rise       ; HEX1[6]$latch             ;
; 0.500  ; 0.500        ; 0.000          ; High Pulse Width ; KEY1  ; Fall       ; HEX1[6]$latch|datac       ;
; 0.500  ; 0.500        ; 0.000          ; Low Pulse Width  ; KEY1  ; Fall       ; HEX1[6]$latch|datac       ;
; 0.500  ; 0.500        ; 0.000          ; High Pulse Width ; KEY1  ; Rise       ; KEY1|combout              ;
; 0.500  ; 0.500        ; 0.000          ; Low Pulse Width  ; KEY1  ; Rise       ; KEY1|combout              ;
; 0.500  ; 0.500        ; 0.000          ; High Pulse Width ; KEY1  ; Fall       ; always1~0clkctrl|inclk[0] ;
; 0.500  ; 0.500        ; 0.000          ; Low Pulse Width  ; KEY1  ; Fall       ; always1~0clkctrl|inclk[0] ;
; 0.500  ; 0.500        ; 0.000          ; High Pulse Width ; KEY1  ; Fall       ; always1~0clkctrl|outclk   ;
; 0.500  ; 0.500        ; 0.000          ; Low Pulse Width  ; KEY1  ; Fall       ; always1~0clkctrl|outclk   ;
; 0.500  ; 0.500        ; 0.000          ; High Pulse Width ; KEY1  ; Fall       ; always1~0|combout         ;
; 0.500  ; 0.500        ; 0.000          ; Low Pulse Width  ; KEY1  ; Fall       ; always1~0|combout         ;
; 0.500  ; 0.500        ; 0.000          ; High Pulse Width ; KEY1  ; Rise       ; always1~0|datad           ;
; 0.500  ; 0.500        ; 0.000          ; Low Pulse Width  ; KEY1  ; Rise       ; always1~0|datad           ;
+--------+--------------+----------------+------------------+-------+------------+---------------------------+


+------------------------------------------------------------------------------------------------------------+
; Fast Model Minimum Pulse Width: 'KEY2'                                                                     ;
+--------+--------------+----------------+------------------+-------+------------+---------------------------+
; Slack  ; Actual Width ; Required Width ; Type             ; Clock ; Clock Edge ; Target                    ;
+--------+--------------+----------------+------------------+-------+------------+---------------------------+
; -1.222 ; 1.000        ; 2.222          ; Port Rate        ; KEY2  ; Rise       ; KEY2                      ;
; 0.500  ; 0.500        ; 0.000          ; High Pulse Width ; KEY2  ; Rise       ; HEX2[1]$latch             ;
; 0.500  ; 0.500        ; 0.000          ; Low Pulse Width  ; KEY2  ; Rise       ; HEX2[1]$latch             ;
; 0.500  ; 0.500        ; 0.000          ; High Pulse Width ; KEY2  ; Fall       ; HEX2[1]$latch|datad       ;
; 0.500  ; 0.500        ; 0.000          ; Low Pulse Width  ; KEY2  ; Fall       ; HEX2[1]$latch|datad       ;
; 0.500  ; 0.500        ; 0.000          ; High Pulse Width ; KEY2  ; Rise       ; HEX2[2]$latch             ;
; 0.500  ; 0.500        ; 0.000          ; Low Pulse Width  ; KEY2  ; Rise       ; HEX2[2]$latch             ;
; 0.500  ; 0.500        ; 0.000          ; High Pulse Width ; KEY2  ; Fall       ; HEX2[2]$latch|datad       ;
; 0.500  ; 0.500        ; 0.000          ; Low Pulse Width  ; KEY2  ; Fall       ; HEX2[2]$latch|datad       ;
; 0.500  ; 0.500        ; 0.000          ; High Pulse Width ; KEY2  ; Rise       ; HEX2[3]$latch             ;
; 0.500  ; 0.500        ; 0.000          ; Low Pulse Width  ; KEY2  ; Rise       ; HEX2[3]$latch             ;
; 0.500  ; 0.500        ; 0.000          ; High Pulse Width ; KEY2  ; Fall       ; HEX2[3]$latch|datad       ;
; 0.500  ; 0.500        ; 0.000          ; Low Pulse Width  ; KEY2  ; Fall       ; HEX2[3]$latch|datad       ;
; 0.500  ; 0.500        ; 0.000          ; High Pulse Width ; KEY2  ; Rise       ; HEX2[6]$latch             ;
; 0.500  ; 0.500        ; 0.000          ; Low Pulse Width  ; KEY2  ; Rise       ; HEX2[6]$latch             ;
; 0.500  ; 0.500        ; 0.000          ; High Pulse Width ; KEY2  ; Fall       ; HEX2[6]$latch|datad       ;
; 0.500  ; 0.500        ; 0.000          ; Low Pulse Width  ; KEY2  ; Fall       ; HEX2[6]$latch|datad       ;
; 0.500  ; 0.500        ; 0.000          ; High Pulse Width ; KEY2  ; Rise       ; KEY2|combout              ;
; 0.500  ; 0.500        ; 0.000          ; Low Pulse Width  ; KEY2  ; Rise       ; KEY2|combout              ;
; 0.500  ; 0.500        ; 0.000          ; High Pulse Width ; KEY2  ; Fall       ; always2~0clkctrl|inclk[0] ;
; 0.500  ; 0.500        ; 0.000          ; Low Pulse Width  ; KEY2  ; Fall       ; always2~0clkctrl|inclk[0] ;
; 0.500  ; 0.500        ; 0.000          ; High Pulse Width ; KEY2  ; Fall       ; always2~0clkctrl|outclk   ;
; 0.500  ; 0.500        ; 0.000          ; Low Pulse Width  ; KEY2  ; Fall       ; always2~0clkctrl|outclk   ;
; 0.500  ; 0.500        ; 0.000          ; High Pulse Width ; KEY2  ; Fall       ; always2~0|combout         ;
; 0.500  ; 0.500        ; 0.000          ; Low Pulse Width  ; KEY2  ; Fall       ; always2~0|combout         ;
; 0.500  ; 0.500        ; 0.000          ; High Pulse Width ; KEY2  ; Rise       ; always2~0|datad           ;
; 0.500  ; 0.500        ; 0.000          ; Low Pulse Width  ; KEY2  ; Rise       ; always2~0|datad           ;
+--------+--------------+----------------+------------------+-------+------------+---------------------------+


+------------------------------------------------------------------------------------------------------------+
; Fast Model Minimum Pulse Width: 'KEY3'                                                                     ;
+--------+--------------+----------------+------------------+-------+------------+---------------------------+
; Slack  ; Actual Width ; Required Width ; Type             ; Clock ; Clock Edge ; Target                    ;
+--------+--------------+----------------+------------------+-------+------------+---------------------------+
; -1.222 ; 1.000        ; 2.222          ; Port Rate        ; KEY3  ; Rise       ; KEY3                      ;
; 0.500  ; 0.500        ; 0.000          ; High Pulse Width ; KEY3  ; Rise       ; HEX3[1]$latch             ;
; 0.500  ; 0.500        ; 0.000          ; Low Pulse Width  ; KEY3  ; Rise       ; HEX3[1]$latch             ;
; 0.500  ; 0.500        ; 0.000          ; High Pulse Width ; KEY3  ; Fall       ; HEX3[1]$latch|datad       ;
; 0.500  ; 0.500        ; 0.000          ; Low Pulse Width  ; KEY3  ; Fall       ; HEX3[1]$latch|datad       ;
; 0.500  ; 0.500        ; 0.000          ; High Pulse Width ; KEY3  ; Rise       ; HEX3[2]$latch             ;
; 0.500  ; 0.500        ; 0.000          ; Low Pulse Width  ; KEY3  ; Rise       ; HEX3[2]$latch             ;
; 0.500  ; 0.500        ; 0.000          ; High Pulse Width ; KEY3  ; Fall       ; HEX3[2]$latch|datac       ;
; 0.500  ; 0.500        ; 0.000          ; Low Pulse Width  ; KEY3  ; Fall       ; HEX3[2]$latch|datac       ;
; 0.500  ; 0.500        ; 0.000          ; High Pulse Width ; KEY3  ; Rise       ; HEX3[3]$latch             ;
; 0.500  ; 0.500        ; 0.000          ; Low Pulse Width  ; KEY3  ; Rise       ; HEX3[3]$latch             ;
; 0.500  ; 0.500        ; 0.000          ; High Pulse Width ; KEY3  ; Fall       ; HEX3[3]$latch|datad       ;
; 0.500  ; 0.500        ; 0.000          ; Low Pulse Width  ; KEY3  ; Fall       ; HEX3[3]$latch|datad       ;
; 0.500  ; 0.500        ; 0.000          ; High Pulse Width ; KEY3  ; Rise       ; HEX3[6]$latch             ;
; 0.500  ; 0.500        ; 0.000          ; Low Pulse Width  ; KEY3  ; Rise       ; HEX3[6]$latch             ;
; 0.500  ; 0.500        ; 0.000          ; High Pulse Width ; KEY3  ; Fall       ; HEX3[6]$latch|datad       ;
; 0.500  ; 0.500        ; 0.000          ; Low Pulse Width  ; KEY3  ; Fall       ; HEX3[6]$latch|datad       ;
; 0.500  ; 0.500        ; 0.000          ; High Pulse Width ; KEY3  ; Rise       ; KEY3|combout              ;
; 0.500  ; 0.500        ; 0.000          ; Low Pulse Width  ; KEY3  ; Rise       ; KEY3|combout              ;
; 0.500  ; 0.500        ; 0.000          ; High Pulse Width ; KEY3  ; Fall       ; always3~0clkctrl|inclk[0] ;
; 0.500  ; 0.500        ; 0.000          ; Low Pulse Width  ; KEY3  ; Fall       ; always3~0clkctrl|inclk[0] ;
; 0.500  ; 0.500        ; 0.000          ; High Pulse Width ; KEY3  ; Fall       ; always3~0clkctrl|outclk   ;
; 0.500  ; 0.500        ; 0.000          ; Low Pulse Width  ; KEY3  ; Fall       ; always3~0clkctrl|outclk   ;
; 0.500  ; 0.500        ; 0.000          ; High Pulse Width ; KEY3  ; Fall       ; always3~0|combout         ;
; 0.500  ; 0.500        ; 0.000          ; Low Pulse Width  ; KEY3  ; Fall       ; always3~0|combout         ;
; 0.500  ; 0.500        ; 0.000          ; High Pulse Width ; KEY3  ; Rise       ; always3~0|datad           ;
; 0.500  ; 0.500        ; 0.000          ; Low Pulse Width  ; KEY3  ; Rise       ; always3~0|datad           ;
+--------+--------------+----------------+------------------+-------+------------+---------------------------+


+-----------------------------------------------------------------------+
; Setup Times                                                           ;
+-----------+------------+-------+-------+------------+-----------------+
; Data Port ; Clock Port ; Rise  ; Fall  ; Clock Edge ; Clock Reference ;
+-----------+------------+-------+-------+------------+-----------------+
; SW[*]     ; KEY0       ; 2.392 ; 2.392 ; Rise       ; KEY0            ;
;  SW[0]    ; KEY0       ; 2.296 ; 2.296 ; Rise       ; KEY0            ;
;  SW[1]    ; KEY0       ; 2.264 ; 2.264 ; Rise       ; KEY0            ;
;  SW[2]    ; KEY0       ; 2.126 ; 2.126 ; Rise       ; KEY0            ;
;  SW[3]    ; KEY0       ; 2.111 ; 2.111 ; Rise       ; KEY0            ;
;  SW[4]    ; KEY0       ; 2.392 ; 2.392 ; Rise       ; KEY0            ;
;  SW[5]    ; KEY0       ; 2.241 ; 2.241 ; Rise       ; KEY0            ;
;  SW[6]    ; KEY0       ; 2.185 ; 2.185 ; Rise       ; KEY0            ;
;  SW[7]    ; KEY0       ; 2.201 ; 2.201 ; Rise       ; KEY0            ;
;  SW[8]    ; KEY0       ; 2.276 ; 2.276 ; Rise       ; KEY0            ;
; SW[*]     ; KEY1       ; 2.176 ; 2.176 ; Rise       ; KEY1            ;
;  SW[0]    ; KEY1       ; 2.080 ; 2.080 ; Rise       ; KEY1            ;
;  SW[1]    ; KEY1       ; 2.048 ; 2.048 ; Rise       ; KEY1            ;
;  SW[2]    ; KEY1       ; 1.910 ; 1.910 ; Rise       ; KEY1            ;
;  SW[3]    ; KEY1       ; 1.895 ; 1.895 ; Rise       ; KEY1            ;
;  SW[4]    ; KEY1       ; 2.176 ; 2.176 ; Rise       ; KEY1            ;
;  SW[5]    ; KEY1       ; 2.025 ; 2.025 ; Rise       ; KEY1            ;
;  SW[6]    ; KEY1       ; 1.969 ; 1.969 ; Rise       ; KEY1            ;
;  SW[7]    ; KEY1       ; 1.985 ; 1.985 ; Rise       ; KEY1            ;
;  SW[8]    ; KEY1       ; 2.060 ; 2.060 ; Rise       ; KEY1            ;
; SW[*]     ; KEY2       ; 2.416 ; 2.416 ; Rise       ; KEY2            ;
;  SW[0]    ; KEY2       ; 2.320 ; 2.320 ; Rise       ; KEY2            ;
;  SW[1]    ; KEY2       ; 2.289 ; 2.289 ; Rise       ; KEY2            ;
;  SW[2]    ; KEY2       ; 2.147 ; 2.147 ; Rise       ; KEY2            ;
;  SW[3]    ; KEY2       ; 2.130 ; 2.130 ; Rise       ; KEY2            ;
;  SW[4]    ; KEY2       ; 2.416 ; 2.416 ; Rise       ; KEY2            ;
;  SW[5]    ; KEY2       ; 2.266 ; 2.266 ; Rise       ; KEY2            ;
;  SW[6]    ; KEY2       ; 2.206 ; 2.206 ; Rise       ; KEY2            ;
;  SW[7]    ; KEY2       ; 2.220 ; 2.220 ; Rise       ; KEY2            ;
;  SW[8]    ; KEY2       ; 2.300 ; 2.300 ; Rise       ; KEY2            ;
; SW[*]     ; KEY3       ; 2.159 ; 2.159 ; Rise       ; KEY3            ;
;  SW[0]    ; KEY3       ; 2.063 ; 2.063 ; Rise       ; KEY3            ;
;  SW[1]    ; KEY3       ; 2.030 ; 2.030 ; Rise       ; KEY3            ;
;  SW[2]    ; KEY3       ; 1.892 ; 1.892 ; Rise       ; KEY3            ;
;  SW[3]    ; KEY3       ; 1.878 ; 1.878 ; Rise       ; KEY3            ;
;  SW[4]    ; KEY3       ; 2.159 ; 2.159 ; Rise       ; KEY3            ;
;  SW[5]    ; KEY3       ; 2.007 ; 2.007 ; Rise       ; KEY3            ;
;  SW[6]    ; KEY3       ; 1.951 ; 1.951 ; Rise       ; KEY3            ;
;  SW[7]    ; KEY3       ; 1.968 ; 1.968 ; Rise       ; KEY3            ;
;  SW[8]    ; KEY3       ; 2.043 ; 2.043 ; Rise       ; KEY3            ;
+-----------+------------+-------+-------+------------+-----------------+


+-------------------------------------------------------------------------+
; Hold Times                                                              ;
+-----------+------------+--------+--------+------------+-----------------+
; Data Port ; Clock Port ; Rise   ; Fall   ; Clock Edge ; Clock Reference ;
+-----------+------------+--------+--------+------------+-----------------+
; SW[*]     ; KEY0       ; -1.541 ; -1.541 ; Rise       ; KEY0            ;
;  SW[0]    ; KEY0       ; -1.852 ; -1.852 ; Rise       ; KEY0            ;
;  SW[1]    ; KEY0       ; -1.818 ; -1.818 ; Rise       ; KEY0            ;
;  SW[2]    ; KEY0       ; -1.681 ; -1.681 ; Rise       ; KEY0            ;
;  SW[3]    ; KEY0       ; -1.667 ; -1.667 ; Rise       ; KEY0            ;
;  SW[4]    ; KEY0       ; -1.948 ; -1.948 ; Rise       ; KEY0            ;
;  SW[5]    ; KEY0       ; -1.795 ; -1.795 ; Rise       ; KEY0            ;
;  SW[6]    ; KEY0       ; -1.740 ; -1.740 ; Rise       ; KEY0            ;
;  SW[7]    ; KEY0       ; -1.757 ; -1.757 ; Rise       ; KEY0            ;
;  SW[8]    ; KEY0       ; -1.541 ; -1.541 ; Rise       ; KEY0            ;
; SW[*]     ; KEY1       ; -1.481 ; -1.481 ; Rise       ; KEY1            ;
;  SW[0]    ; KEY1       ; -1.792 ; -1.792 ; Rise       ; KEY1            ;
;  SW[1]    ; KEY1       ; -1.758 ; -1.758 ; Rise       ; KEY1            ;
;  SW[2]    ; KEY1       ; -1.621 ; -1.621 ; Rise       ; KEY1            ;
;  SW[3]    ; KEY1       ; -1.607 ; -1.607 ; Rise       ; KEY1            ;
;  SW[4]    ; KEY1       ; -1.888 ; -1.888 ; Rise       ; KEY1            ;
;  SW[5]    ; KEY1       ; -1.735 ; -1.735 ; Rise       ; KEY1            ;
;  SW[6]    ; KEY1       ; -1.680 ; -1.680 ; Rise       ; KEY1            ;
;  SW[7]    ; KEY1       ; -1.697 ; -1.697 ; Rise       ; KEY1            ;
;  SW[8]    ; KEY1       ; -1.481 ; -1.481 ; Rise       ; KEY1            ;
; SW[*]     ; KEY2       ; -1.647 ; -1.647 ; Rise       ; KEY2            ;
;  SW[0]    ; KEY2       ; -1.958 ; -1.958 ; Rise       ; KEY2            ;
;  SW[1]    ; KEY2       ; -1.924 ; -1.924 ; Rise       ; KEY2            ;
;  SW[2]    ; KEY2       ; -1.787 ; -1.787 ; Rise       ; KEY2            ;
;  SW[3]    ; KEY2       ; -1.773 ; -1.773 ; Rise       ; KEY2            ;
;  SW[4]    ; KEY2       ; -2.054 ; -2.054 ; Rise       ; KEY2            ;
;  SW[5]    ; KEY2       ; -1.901 ; -1.901 ; Rise       ; KEY2            ;
;  SW[6]    ; KEY2       ; -1.846 ; -1.846 ; Rise       ; KEY2            ;
;  SW[7]    ; KEY2       ; -1.863 ; -1.863 ; Rise       ; KEY2            ;
;  SW[8]    ; KEY2       ; -1.647 ; -1.647 ; Rise       ; KEY2            ;
; SW[*]     ; KEY3       ; -1.390 ; -1.390 ; Rise       ; KEY3            ;
;  SW[0]    ; KEY3       ; -1.701 ; -1.701 ; Rise       ; KEY3            ;
;  SW[1]    ; KEY3       ; -1.667 ; -1.667 ; Rise       ; KEY3            ;
;  SW[2]    ; KEY3       ; -1.530 ; -1.530 ; Rise       ; KEY3            ;
;  SW[3]    ; KEY3       ; -1.516 ; -1.516 ; Rise       ; KEY3            ;
;  SW[4]    ; KEY3       ; -1.797 ; -1.797 ; Rise       ; KEY3            ;
;  SW[5]    ; KEY3       ; -1.644 ; -1.644 ; Rise       ; KEY3            ;
;  SW[6]    ; KEY3       ; -1.589 ; -1.589 ; Rise       ; KEY3            ;
;  SW[7]    ; KEY3       ; -1.606 ; -1.606 ; Rise       ; KEY3            ;
;  SW[8]    ; KEY3       ; -1.390 ; -1.390 ; Rise       ; KEY3            ;
+-----------+------------+--------+--------+------------+-----------------+


+-----------------------------------------------------------------------+
; Clock to Output Times                                                 ;
+-----------+------------+-------+-------+------------+-----------------+
; Data Port ; Clock Port ; Rise  ; Fall  ; Clock Edge ; Clock Reference ;
+-----------+------------+-------+-------+------------+-----------------+
; HEX0[*]   ; KEY0       ; 4.251 ; 4.251 ; Rise       ; KEY0            ;
;  HEX0[1]  ; KEY0       ; 4.150 ; 4.150 ; Rise       ; KEY0            ;
;  HEX0[2]  ; KEY0       ; 4.251 ; 4.251 ; Rise       ; KEY0            ;
;  HEX0[3]  ; KEY0       ; 4.164 ; 4.164 ; Rise       ; KEY0            ;
;  HEX0[6]  ; KEY0       ; 4.205 ; 4.205 ; Rise       ; KEY0            ;
; HEX1[*]   ; KEY1       ; 4.415 ; 4.415 ; Rise       ; KEY1            ;
;  HEX1[1]  ; KEY1       ; 4.322 ; 4.322 ; Rise       ; KEY1            ;
;  HEX1[2]  ; KEY1       ; 4.415 ; 4.415 ; Rise       ; KEY1            ;
;  HEX1[3]  ; KEY1       ; 4.184 ; 4.184 ; Rise       ; KEY1            ;
;  HEX1[6]  ; KEY1       ; 4.262 ; 4.262 ; Rise       ; KEY1            ;
; HEX2[*]   ; KEY2       ; 4.252 ; 4.252 ; Rise       ; KEY2            ;
;  HEX2[1]  ; KEY2       ; 4.113 ; 4.113 ; Rise       ; KEY2            ;
;  HEX2[2]  ; KEY2       ; 4.021 ; 4.021 ; Rise       ; KEY2            ;
;  HEX2[3]  ; KEY2       ; 4.234 ; 4.234 ; Rise       ; KEY2            ;
;  HEX2[6]  ; KEY2       ; 4.252 ; 4.252 ; Rise       ; KEY2            ;
; HEX3[*]   ; KEY3       ; 4.312 ; 4.312 ; Rise       ; KEY3            ;
;  HEX3[1]  ; KEY3       ; 4.180 ; 4.180 ; Rise       ; KEY3            ;
;  HEX3[2]  ; KEY3       ; 4.312 ; 4.312 ; Rise       ; KEY3            ;
;  HEX3[3]  ; KEY3       ; 4.282 ; 4.282 ; Rise       ; KEY3            ;
;  HEX3[6]  ; KEY3       ; 4.180 ; 4.180 ; Rise       ; KEY3            ;
+-----------+------------+-------+-------+------------+-----------------+


+-----------------------------------------------------------------------+
; Minimum Clock to Output Times                                         ;
+-----------+------------+-------+-------+------------+-----------------+
; Data Port ; Clock Port ; Rise  ; Fall  ; Clock Edge ; Clock Reference ;
+-----------+------------+-------+-------+------------+-----------------+
; HEX0[*]   ; KEY0       ; 4.150 ; 4.150 ; Rise       ; KEY0            ;
;  HEX0[1]  ; KEY0       ; 4.150 ; 4.150 ; Rise       ; KEY0            ;
;  HEX0[2]  ; KEY0       ; 4.251 ; 4.251 ; Rise       ; KEY0            ;
;  HEX0[3]  ; KEY0       ; 4.164 ; 4.164 ; Rise       ; KEY0            ;
;  HEX0[6]  ; KEY0       ; 4.205 ; 4.205 ; Rise       ; KEY0            ;
; HEX1[*]   ; KEY1       ; 4.184 ; 4.184 ; Rise       ; KEY1            ;
;  HEX1[1]  ; KEY1       ; 4.322 ; 4.322 ; Rise       ; KEY1            ;
;  HEX1[2]  ; KEY1       ; 4.415 ; 4.415 ; Rise       ; KEY1            ;
;  HEX1[3]  ; KEY1       ; 4.184 ; 4.184 ; Rise       ; KEY1            ;
;  HEX1[6]  ; KEY1       ; 4.262 ; 4.262 ; Rise       ; KEY1            ;
; HEX2[*]   ; KEY2       ; 4.021 ; 4.021 ; Rise       ; KEY2            ;
;  HEX2[1]  ; KEY2       ; 4.113 ; 4.113 ; Rise       ; KEY2            ;
;  HEX2[2]  ; KEY2       ; 4.021 ; 4.021 ; Rise       ; KEY2            ;
;  HEX2[3]  ; KEY2       ; 4.234 ; 4.234 ; Rise       ; KEY2            ;
;  HEX2[6]  ; KEY2       ; 4.252 ; 4.252 ; Rise       ; KEY2            ;
; HEX3[*]   ; KEY3       ; 4.180 ; 4.180 ; Rise       ; KEY3            ;
;  HEX3[1]  ; KEY3       ; 4.180 ; 4.180 ; Rise       ; KEY3            ;
;  HEX3[2]  ; KEY3       ; 4.312 ; 4.312 ; Rise       ; KEY3            ;
;  HEX3[3]  ; KEY3       ; 4.282 ; 4.282 ; Rise       ; KEY3            ;
;  HEX3[6]  ; KEY3       ; 4.180 ; 4.180 ; Rise       ; KEY3            ;
+-----------+------------+-------+-------+------------+-----------------+


+----------------------------------------------------------+
; Propagation Delay                                        ;
+------------+-------------+-------+-------+-------+-------+
; Input Port ; Output Port ; RR    ; RF    ; FR    ; FF    ;
+------------+-------------+-------+-------+-------+-------+
; SW[0]      ; Code[0]     ; 5.306 ;       ;       ; 5.306 ;
; SW[1]      ; Code[1]     ; 5.527 ;       ;       ; 5.527 ;
; SW[2]      ; Code[2]     ; 5.365 ;       ;       ; 5.365 ;
; SW[3]      ; Code[3]     ; 5.294 ;       ;       ; 5.294 ;
; SW[4]      ; Code[0]     ; 5.402 ;       ;       ; 5.402 ;
; SW[5]      ; Code[1]     ; 5.504 ;       ;       ; 5.504 ;
; SW[6]      ; Code[2]     ; 5.424 ;       ;       ; 5.424 ;
; SW[7]      ; Code[3]     ; 5.384 ;       ;       ; 5.384 ;
; SW[8]      ; Code[0]     ; 5.286 ; 5.286 ; 5.286 ; 5.286 ;
; SW[8]      ; Code[1]     ; 5.373 ; 5.373 ; 5.373 ; 5.373 ;
; SW[8]      ; Code[2]     ; 5.405 ; 5.405 ; 5.405 ; 5.405 ;
; SW[8]      ; Code[3]     ; 5.168 ; 5.168 ; 5.168 ; 5.168 ;
+------------+-------------+-------+-------+-------+-------+


+----------------------------------------------------------+
; Minimum Propagation Delay                                ;
+------------+-------------+-------+-------+-------+-------+
; Input Port ; Output Port ; RR    ; RF    ; FR    ; FF    ;
+------------+-------------+-------+-------+-------+-------+
; SW[0]      ; Code[0]     ; 5.306 ;       ;       ; 5.306 ;
; SW[1]      ; Code[1]     ; 5.527 ;       ;       ; 5.527 ;
; SW[2]      ; Code[2]     ; 5.365 ;       ;       ; 5.365 ;
; SW[3]      ; Code[3]     ; 5.294 ;       ;       ; 5.294 ;
; SW[4]      ; Code[0]     ; 5.402 ;       ;       ; 5.402 ;
; SW[5]      ; Code[1]     ; 5.504 ;       ;       ; 5.504 ;
; SW[6]      ; Code[2]     ; 5.424 ;       ;       ; 5.424 ;
; SW[7]      ; Code[3]     ; 5.384 ;       ;       ; 5.384 ;
; SW[8]      ; Code[0]     ; 5.286 ; 5.286 ; 5.286 ; 5.286 ;
; SW[8]      ; Code[1]     ; 5.373 ; 5.373 ; 5.373 ; 5.373 ;
; SW[8]      ; Code[2]     ; 5.405 ; 5.405 ; 5.405 ; 5.405 ;
; SW[8]      ; Code[3]     ; 5.168 ; 5.168 ; 5.168 ; 5.168 ;
+------------+-------------+-------+-------+-------+-------+


+----------------------------------------------------------------------------+
; Multicorner Timing Analysis Summary                                        ;
+------------------+-------+------+----------+---------+---------------------+
; Clock            ; Setup ; Hold ; Recovery ; Removal ; Minimum Pulse Width ;
+------------------+-------+------+----------+---------+---------------------+
; Worst-case Slack ; N/A   ; N/A  ; N/A      ; N/A     ; -1.469              ;
;  KEY0            ; N/A   ; N/A  ; N/A      ; N/A     ; -1.469              ;
;  KEY1            ; N/A   ; N/A  ; N/A      ; N/A     ; -1.469              ;
;  KEY2            ; N/A   ; N/A  ; N/A      ; N/A     ; -1.469              ;
;  KEY3            ; N/A   ; N/A  ; N/A      ; N/A     ; -1.469              ;
; Design-wide TNS  ; 0.0   ; 0.0  ; 0.0      ; 0.0     ; -5.876              ;
;  KEY0            ; N/A   ; N/A  ; N/A      ; N/A     ; -1.469              ;
;  KEY1            ; N/A   ; N/A  ; N/A      ; N/A     ; -1.469              ;
;  KEY2            ; N/A   ; N/A  ; N/A      ; N/A     ; -1.469              ;
;  KEY3            ; N/A   ; N/A  ; N/A      ; N/A     ; -1.469              ;
+------------------+-------+------+----------+---------+---------------------+


+-----------------------------------------------------------------------+
; Setup Times                                                           ;
+-----------+------------+-------+-------+------------+-----------------+
; Data Port ; Clock Port ; Rise  ; Fall  ; Clock Edge ; Clock Reference ;
+-----------+------------+-------+-------+------------+-----------------+
; SW[*]     ; KEY0       ; 5.818 ; 5.818 ; Rise       ; KEY0            ;
;  SW[0]    ; KEY0       ; 5.593 ; 5.593 ; Rise       ; KEY0            ;
;  SW[1]    ; KEY0       ; 5.451 ; 5.451 ; Rise       ; KEY0            ;
;  SW[2]    ; KEY0       ; 5.006 ; 5.006 ; Rise       ; KEY0            ;
;  SW[3]    ; KEY0       ; 5.019 ; 5.019 ; Rise       ; KEY0            ;
;  SW[4]    ; KEY0       ; 5.818 ; 5.818 ; Rise       ; KEY0            ;
;  SW[5]    ; KEY0       ; 5.426 ; 5.426 ; Rise       ; KEY0            ;
;  SW[6]    ; KEY0       ; 5.156 ; 5.156 ; Rise       ; KEY0            ;
;  SW[7]    ; KEY0       ; 5.244 ; 5.244 ; Rise       ; KEY0            ;
;  SW[8]    ; KEY0       ; 5.494 ; 5.494 ; Rise       ; KEY0            ;
; SW[*]     ; KEY1       ; 5.211 ; 5.211 ; Rise       ; KEY1            ;
;  SW[0]    ; KEY1       ; 4.986 ; 4.986 ; Rise       ; KEY1            ;
;  SW[1]    ; KEY1       ; 4.844 ; 4.844 ; Rise       ; KEY1            ;
;  SW[2]    ; KEY1       ; 4.419 ; 4.419 ; Rise       ; KEY1            ;
;  SW[3]    ; KEY1       ; 4.412 ; 4.412 ; Rise       ; KEY1            ;
;  SW[4]    ; KEY1       ; 5.211 ; 5.211 ; Rise       ; KEY1            ;
;  SW[5]    ; KEY1       ; 4.819 ; 4.819 ; Rise       ; KEY1            ;
;  SW[6]    ; KEY1       ; 4.569 ; 4.569 ; Rise       ; KEY1            ;
;  SW[7]    ; KEY1       ; 4.637 ; 4.637 ; Rise       ; KEY1            ;
;  SW[8]    ; KEY1       ; 4.887 ; 4.887 ; Rise       ; KEY1            ;
; SW[*]     ; KEY2       ; 5.827 ; 5.827 ; Rise       ; KEY2            ;
;  SW[0]    ; KEY2       ; 5.602 ; 5.602 ; Rise       ; KEY2            ;
;  SW[1]    ; KEY2       ; 5.455 ; 5.455 ; Rise       ; KEY2            ;
;  SW[2]    ; KEY2       ; 5.059 ; 5.059 ; Rise       ; KEY2            ;
;  SW[3]    ; KEY2       ; 5.027 ; 5.027 ; Rise       ; KEY2            ;
;  SW[4]    ; KEY2       ; 5.827 ; 5.827 ; Rise       ; KEY2            ;
;  SW[5]    ; KEY2       ; 5.430 ; 5.430 ; Rise       ; KEY2            ;
;  SW[6]    ; KEY2       ; 5.209 ; 5.209 ; Rise       ; KEY2            ;
;  SW[7]    ; KEY2       ; 5.252 ; 5.252 ; Rise       ; KEY2            ;
;  SW[8]    ; KEY2       ; 5.503 ; 5.503 ; Rise       ; KEY2            ;
; SW[*]     ; KEY3       ; 5.177 ; 5.177 ; Rise       ; KEY3            ;
;  SW[0]    ; KEY3       ; 4.952 ; 4.952 ; Rise       ; KEY3            ;
;  SW[1]    ; KEY3       ; 4.808 ; 4.808 ; Rise       ; KEY3            ;
;  SW[2]    ; KEY3       ; 4.365 ; 4.365 ; Rise       ; KEY3            ;
;  SW[3]    ; KEY3       ; 4.378 ; 4.378 ; Rise       ; KEY3            ;
;  SW[4]    ; KEY3       ; 5.177 ; 5.177 ; Rise       ; KEY3            ;
;  SW[5]    ; KEY3       ; 4.783 ; 4.783 ; Rise       ; KEY3            ;
;  SW[6]    ; KEY3       ; 4.515 ; 4.515 ; Rise       ; KEY3            ;
;  SW[7]    ; KEY3       ; 4.603 ; 4.603 ; Rise       ; KEY3            ;
;  SW[8]    ; KEY3       ; 4.853 ; 4.853 ; Rise       ; KEY3            ;
+-----------+------------+-------+-------+------------+-----------------+


+-------------------------------------------------------------------------+
; Hold Times                                                              ;
+-----------+------------+--------+--------+------------+-----------------+
; Data Port ; Clock Port ; Rise   ; Fall   ; Clock Edge ; Clock Reference ;
+-----------+------------+--------+--------+------------+-----------------+
; SW[*]     ; KEY0       ; -1.541 ; -1.541 ; Rise       ; KEY0            ;
;  SW[0]    ; KEY0       ; -1.852 ; -1.852 ; Rise       ; KEY0            ;
;  SW[1]    ; KEY0       ; -1.818 ; -1.818 ; Rise       ; KEY0            ;
;  SW[2]    ; KEY0       ; -1.681 ; -1.681 ; Rise       ; KEY0            ;
;  SW[3]    ; KEY0       ; -1.667 ; -1.667 ; Rise       ; KEY0            ;
;  SW[4]    ; KEY0       ; -1.948 ; -1.948 ; Rise       ; KEY0            ;
;  SW[5]    ; KEY0       ; -1.795 ; -1.795 ; Rise       ; KEY0            ;
;  SW[6]    ; KEY0       ; -1.740 ; -1.740 ; Rise       ; KEY0            ;
;  SW[7]    ; KEY0       ; -1.757 ; -1.757 ; Rise       ; KEY0            ;
;  SW[8]    ; KEY0       ; -1.541 ; -1.541 ; Rise       ; KEY0            ;
; SW[*]     ; KEY1       ; -1.481 ; -1.481 ; Rise       ; KEY1            ;
;  SW[0]    ; KEY1       ; -1.792 ; -1.792 ; Rise       ; KEY1            ;
;  SW[1]    ; KEY1       ; -1.758 ; -1.758 ; Rise       ; KEY1            ;
;  SW[2]    ; KEY1       ; -1.621 ; -1.621 ; Rise       ; KEY1            ;
;  SW[3]    ; KEY1       ; -1.607 ; -1.607 ; Rise       ; KEY1            ;
;  SW[4]    ; KEY1       ; -1.888 ; -1.888 ; Rise       ; KEY1            ;
;  SW[5]    ; KEY1       ; -1.735 ; -1.735 ; Rise       ; KEY1            ;
;  SW[6]    ; KEY1       ; -1.680 ; -1.680 ; Rise       ; KEY1            ;
;  SW[7]    ; KEY1       ; -1.697 ; -1.697 ; Rise       ; KEY1            ;
;  SW[8]    ; KEY1       ; -1.481 ; -1.481 ; Rise       ; KEY1            ;
; SW[*]     ; KEY2       ; -1.647 ; -1.647 ; Rise       ; KEY2            ;
;  SW[0]    ; KEY2       ; -1.958 ; -1.958 ; Rise       ; KEY2            ;
;  SW[1]    ; KEY2       ; -1.924 ; -1.924 ; Rise       ; KEY2            ;
;  SW[2]    ; KEY2       ; -1.787 ; -1.787 ; Rise       ; KEY2            ;
;  SW[3]    ; KEY2       ; -1.773 ; -1.773 ; Rise       ; KEY2            ;
;  SW[4]    ; KEY2       ; -2.054 ; -2.054 ; Rise       ; KEY2            ;
;  SW[5]    ; KEY2       ; -1.901 ; -1.901 ; Rise       ; KEY2            ;
;  SW[6]    ; KEY2       ; -1.846 ; -1.846 ; Rise       ; KEY2            ;
;  SW[7]    ; KEY2       ; -1.863 ; -1.863 ; Rise       ; KEY2            ;
;  SW[8]    ; KEY2       ; -1.647 ; -1.647 ; Rise       ; KEY2            ;
; SW[*]     ; KEY3       ; -1.390 ; -1.390 ; Rise       ; KEY3            ;
;  SW[0]    ; KEY3       ; -1.701 ; -1.701 ; Rise       ; KEY3            ;
;  SW[1]    ; KEY3       ; -1.667 ; -1.667 ; Rise       ; KEY3            ;
;  SW[2]    ; KEY3       ; -1.530 ; -1.530 ; Rise       ; KEY3            ;
;  SW[3]    ; KEY3       ; -1.516 ; -1.516 ; Rise       ; KEY3            ;
;  SW[4]    ; KEY3       ; -1.797 ; -1.797 ; Rise       ; KEY3            ;
;  SW[5]    ; KEY3       ; -1.644 ; -1.644 ; Rise       ; KEY3            ;
;  SW[6]    ; KEY3       ; -1.589 ; -1.589 ; Rise       ; KEY3            ;
;  SW[7]    ; KEY3       ; -1.606 ; -1.606 ; Rise       ; KEY3            ;
;  SW[8]    ; KEY3       ; -1.390 ; -1.390 ; Rise       ; KEY3            ;
+-----------+------------+--------+--------+------------+-----------------+


+-----------------------------------------------------------------------+
; Clock to Output Times                                                 ;
+-----------+------------+-------+-------+------------+-----------------+
; Data Port ; Clock Port ; Rise  ; Fall  ; Clock Edge ; Clock Reference ;
+-----------+------------+-------+-------+------------+-----------------+
; HEX0[*]   ; KEY0       ; 8.444 ; 8.444 ; Rise       ; KEY0            ;
;  HEX0[1]  ; KEY0       ; 8.254 ; 8.254 ; Rise       ; KEY0            ;
;  HEX0[2]  ; KEY0       ; 8.444 ; 8.444 ; Rise       ; KEY0            ;
;  HEX0[3]  ; KEY0       ; 8.255 ; 8.255 ; Rise       ; KEY0            ;
;  HEX0[6]  ; KEY0       ; 8.310 ; 8.310 ; Rise       ; KEY0            ;
; HEX1[*]   ; KEY1       ; 8.945 ; 8.945 ; Rise       ; KEY1            ;
;  HEX1[1]  ; KEY1       ; 8.695 ; 8.695 ; Rise       ; KEY1            ;
;  HEX1[2]  ; KEY1       ; 8.945 ; 8.945 ; Rise       ; KEY1            ;
;  HEX1[3]  ; KEY1       ; 8.349 ; 8.349 ; Rise       ; KEY1            ;
;  HEX1[6]  ; KEY1       ; 8.573 ; 8.573 ; Rise       ; KEY1            ;
; HEX2[*]   ; KEY2       ; 8.399 ; 8.399 ; Rise       ; KEY2            ;
;  HEX2[1]  ; KEY2       ; 8.199 ; 8.199 ; Rise       ; KEY2            ;
;  HEX2[2]  ; KEY2       ; 7.911 ; 7.911 ; Rise       ; KEY2            ;
;  HEX2[3]  ; KEY2       ; 8.366 ; 8.366 ; Rise       ; KEY2            ;
;  HEX2[6]  ; KEY2       ; 8.399 ; 8.399 ; Rise       ; KEY2            ;
; HEX3[*]   ; KEY3       ; 8.586 ; 8.586 ; Rise       ; KEY3            ;
;  HEX3[1]  ; KEY3       ; 8.193 ; 8.193 ; Rise       ; KEY3            ;
;  HEX3[2]  ; KEY3       ; 8.586 ; 8.586 ; Rise       ; KEY3            ;
;  HEX3[3]  ; KEY3       ; 8.471 ; 8.471 ; Rise       ; KEY3            ;
;  HEX3[6]  ; KEY3       ; 8.197 ; 8.197 ; Rise       ; KEY3            ;
+-----------+------------+-------+-------+------------+-----------------+


+-----------------------------------------------------------------------+
; Minimum Clock to Output Times                                         ;
+-----------+------------+-------+-------+------------+-----------------+
; Data Port ; Clock Port ; Rise  ; Fall  ; Clock Edge ; Clock Reference ;
+-----------+------------+-------+-------+------------+-----------------+
; HEX0[*]   ; KEY0       ; 4.150 ; 4.150 ; Rise       ; KEY0            ;
;  HEX0[1]  ; KEY0       ; 4.150 ; 4.150 ; Rise       ; KEY0            ;
;  HEX0[2]  ; KEY0       ; 4.251 ; 4.251 ; Rise       ; KEY0            ;
;  HEX0[3]  ; KEY0       ; 4.164 ; 4.164 ; Rise       ; KEY0            ;
;  HEX0[6]  ; KEY0       ; 4.205 ; 4.205 ; Rise       ; KEY0            ;
; HEX1[*]   ; KEY1       ; 4.184 ; 4.184 ; Rise       ; KEY1            ;
;  HEX1[1]  ; KEY1       ; 4.322 ; 4.322 ; Rise       ; KEY1            ;
;  HEX1[2]  ; KEY1       ; 4.415 ; 4.415 ; Rise       ; KEY1            ;
;  HEX1[3]  ; KEY1       ; 4.184 ; 4.184 ; Rise       ; KEY1            ;
;  HEX1[6]  ; KEY1       ; 4.262 ; 4.262 ; Rise       ; KEY1            ;
; HEX2[*]   ; KEY2       ; 4.021 ; 4.021 ; Rise       ; KEY2            ;
;  HEX2[1]  ; KEY2       ; 4.113 ; 4.113 ; Rise       ; KEY2            ;
;  HEX2[2]  ; KEY2       ; 4.021 ; 4.021 ; Rise       ; KEY2            ;
;  HEX2[3]  ; KEY2       ; 4.234 ; 4.234 ; Rise       ; KEY2            ;
;  HEX2[6]  ; KEY2       ; 4.252 ; 4.252 ; Rise       ; KEY2            ;
; HEX3[*]   ; KEY3       ; 4.180 ; 4.180 ; Rise       ; KEY3            ;
;  HEX3[1]  ; KEY3       ; 4.180 ; 4.180 ; Rise       ; KEY3            ;
;  HEX3[2]  ; KEY3       ; 4.312 ; 4.312 ; Rise       ; KEY3            ;
;  HEX3[3]  ; KEY3       ; 4.282 ; 4.282 ; Rise       ; KEY3            ;
;  HEX3[6]  ; KEY3       ; 4.180 ; 4.180 ; Rise       ; KEY3            ;
+-----------+------------+-------+-------+------------+-----------------+


+--------------------------------------------------------------+
; Progagation Delay                                            ;
+------------+-------------+--------+--------+--------+--------+
; Input Port ; Output Port ; RR     ; RF     ; FR     ; FF     ;
+------------+-------------+--------+--------+--------+--------+
; SW[0]      ; Code[0]     ; 10.400 ;        ;        ; 10.400 ;
; SW[1]      ; Code[1]     ; 10.981 ;        ;        ; 10.981 ;
; SW[2]      ; Code[2]     ; 10.546 ;        ;        ; 10.546 ;
; SW[3]      ; Code[3]     ; 10.375 ;        ;        ; 10.375 ;
; SW[4]      ; Code[0]     ; 10.625 ;        ;        ; 10.625 ;
; SW[5]      ; Code[1]     ; 10.956 ;        ;        ; 10.956 ;
; SW[6]      ; Code[2]     ; 10.696 ;        ;        ; 10.696 ;
; SW[7]      ; Code[3]     ; 10.600 ;        ;        ; 10.600 ;
; SW[8]      ; Code[0]     ; 10.301 ; 10.301 ; 10.301 ; 10.301 ;
; SW[8]      ; Code[1]     ; 10.576 ; 10.576 ; 10.576 ; 10.576 ;
; SW[8]      ; Code[2]     ; 10.694 ; 10.694 ; 10.694 ; 10.694 ;
; SW[8]      ; Code[3]     ; 10.015 ; 10.015 ; 10.015 ; 10.015 ;
+------------+-------------+--------+--------+--------+--------+


+----------------------------------------------------------+
; Minimum Progagation Delay                                ;
+------------+-------------+-------+-------+-------+-------+
; Input Port ; Output Port ; RR    ; RF    ; FR    ; FF    ;
+------------+-------------+-------+-------+-------+-------+
; SW[0]      ; Code[0]     ; 5.306 ;       ;       ; 5.306 ;
; SW[1]      ; Code[1]     ; 5.527 ;       ;       ; 5.527 ;
; SW[2]      ; Code[2]     ; 5.365 ;       ;       ; 5.365 ;
; SW[3]      ; Code[3]     ; 5.294 ;       ;       ; 5.294 ;
; SW[4]      ; Code[0]     ; 5.402 ;       ;       ; 5.402 ;
; SW[5]      ; Code[1]     ; 5.504 ;       ;       ; 5.504 ;
; SW[6]      ; Code[2]     ; 5.424 ;       ;       ; 5.424 ;
; SW[7]      ; Code[3]     ; 5.384 ;       ;       ; 5.384 ;
; SW[8]      ; Code[0]     ; 5.286 ; 5.286 ; 5.286 ; 5.286 ;
; SW[8]      ; Code[1]     ; 5.373 ; 5.373 ; 5.373 ; 5.373 ;
; SW[8]      ; Code[2]     ; 5.405 ; 5.405 ; 5.405 ; 5.405 ;
; SW[8]      ; Code[3]     ; 5.168 ; 5.168 ; 5.168 ; 5.168 ;
+------------+-------------+-------+-------+-------+-------+


-------------------
; Clock Transfers ;
-------------------
Nothing to report.


---------------
; Report TCCS ;
---------------
No dedicated SERDES Transmitter circuitry present in device or used in design


---------------
; Report RSKM ;
---------------
No dedicated SERDES Receiver circuitry present in device or used in design


+------------------------------------------------+
; Unconstrained Paths                            ;
+---------------------------------+-------+------+
; Property                        ; Setup ; Hold ;
+---------------------------------+-------+------+
; Illegal Clocks                  ; 0     ; 0    ;
; Unconstrained Clocks            ; 0     ; 0    ;
; Unconstrained Input Ports       ; 9     ; 9    ;
; Unconstrained Input Port Paths  ; 148   ; 148  ;
; Unconstrained Output Ports      ; 20    ; 20   ;
; Unconstrained Output Port Paths ; 28    ; 28   ;
+---------------------------------+-------+------+


+------------------------------------+
; TimeQuest Timing Analyzer Messages ;
+------------------------------------+
Info: *******************************************************************
Info: Running Quartus II 64-Bit TimeQuest Timing Analyzer
    Info: Version 13.0.1 Build 232 06/12/2013 Service Pack 1 SJ Web Edition
    Info: Processing started: Sun Feb 27 21:54:34 2022
Info: Command: quartus_sta lab2 -c lab2
Info: qsta_default_script.tcl version: #1
Warning (20028): Parallel compilation is not licensed and has been disabled
Info (21077): Low junction temperature is 0 degrees C
Info (21077): High junction temperature is 85 degrees C
Warning (335093): TimeQuest Timing Analyzer is analyzing 16 combinational loops as latches.
Critical Warning (332012): Synopsys Design Constraints File file not found: 'lab2.sdc'. A Synopsys Design Constraints File is required by the TimeQuest Timing Analyzer to get proper timing constraints. Without it, the Compiler will not properly optimize the design.
Info (332142): No user constrained base clocks found in the design. Calling "derive_clocks -period 1.0"
Info (332105): Deriving Clocks
    Info (332105): create_clock -period 1.000 -name KEY0 KEY0
    Info (332105): create_clock -period 1.000 -name KEY1 KEY1
    Info (332105): create_clock -period 1.000 -name KEY2 KEY2
    Info (332105): create_clock -period 1.000 -name KEY3 KEY3
Info: Found TIMEQUEST_REPORT_SCRIPT_INCLUDE_DEFAULT_ANALYSIS = ON
Info: Analyzing Slow Model
Info (332140): No fmax paths to report
Info (332140): No Setup paths to report
Info (332140): No Hold paths to report
Info (332140): No Recovery paths to report
Info (332140): No Removal paths to report
Critical Warning (332148): Timing requirements not met
Info (332146): Worst-case minimum pulse width slack is -1.469
    Info (332119):     Slack End Point TNS Clock 
    Info (332119): ========= ============= =====================
    Info (332119):    -1.469        -1.469 KEY0 
    Info (332119):    -1.469        -1.469 KEY1 
    Info (332119):    -1.469        -1.469 KEY2 
    Info (332119):    -1.469        -1.469 KEY3 
Info (332001): The selected device family is not supported by the report_metastability command.
Info: Analyzing Fast Model
Info (332140): No Setup paths to report
Info (332140): No Hold paths to report
Info (332140): No Recovery paths to report
Info (332140): No Removal paths to report
Critical Warning (332148): Timing requirements not met
Info (332146): Worst-case minimum pulse width slack is -1.222
    Info (332119):     Slack End Point TNS Clock 
    Info (332119): ========= ============= =====================
    Info (332119):    -1.222        -1.222 KEY0 
    Info (332119):    -1.222        -1.222 KEY1 
    Info (332119):    -1.222        -1.222 KEY2 
    Info (332119):    -1.222        -1.222 KEY3 
Info (332001): The selected device family is not supported by the report_metastability command.
Info (332102): Design is not fully constrained for setup requirements
Info (332102): Design is not fully constrained for hold requirements
Info: Quartus II 64-Bit TimeQuest Timing Analyzer was successful. 0 errors, 5 warnings
    Info: Peak virtual memory: 4534 megabytes
    Info: Processing ended: Sun Feb 27 21:54:34 2022
    Info: Elapsed time: 00:00:00
    Info: Total CPU time (on all processors): 00:00:01


